<?xml version="1.0" encoding="UTF-8"?>
<!-- Generated by org.testng.reporters.JUnitReportReporter -->
<testsuite skipped="1" hostname="jagadeesh-HP-EliteBook-840-G2" name="tests.Fynd_Employees_APIs" tests="4" failures="0" timestamp="22 Sep 2019 12:17:01 GMT" time="9.272" errors="0">
  <testcase name="update_employee" time="0.056" classname="tests.Fynd_Employees_APIs"/>
  <testcase name="create_employee" time="6.625" classname="tests.Fynd_Employees_APIs"/>
  <testcase name="get_employee" time="2.591" classname="tests.Fynd_Employees_APIs"/>
  <testcase name="get_all_employees" classname="tests.Fynd_Employees_APIs">
    <skipped/>
  </testcase> <!-- get_all_employees -->
</testsuite> <!-- tests.Fynd_Employees_APIs -->
