<?xml version="1.0" encoding="UTF-8"?>
<!-- Generated by org.testng.reporters.JUnitReportReporter -->
<testsuite skipped="0" hostname="jagadeesh-HP-EliteBook-840-G2" name="tests.Sample" tests="1" failures="0" timestamp="22 Sep 2019 04:53:34 GMT" time="0.445" errors="0">
  <testcase name="hello" time="0.445" classname="tests.Sample"/>
</testsuite> <!-- tests.Sample -->
