<?xml version="1.0" encoding="UTF-8"?>
<!-- Generated by org.testng.reporters.JUnitReportReporter -->
<testsuite skipped="1" hostname="jagadeesh-HP-EliteBook-840-G2" name="tests.Fynd_Employees_APIs" tests="4" failures="0" timestamp="22 Sep 2019 13:33:02 GMT" time="8.600" errors="0">
  <testcase name="get_all_employees" time="2.358" classname="tests.Fynd_Employees_APIs"/>
  <testcase name="update_employee" time="0.528" classname="tests.Fynd_Employees_APIs"/>
  <testcase name="create_employee" time="5.714" classname="tests.Fynd_Employees_APIs"/>
  <testcase name="get_employee" classname="tests.Fynd_Employees_APIs">
    <skipped/>
  </testcase> <!-- get_employee -->
</testsuite> <!-- tests.Fynd_Employees_APIs -->
