<?xml version="1.0" encoding="UTF-8"?>
<!-- Generated by org.testng.reporters.JUnitReportReporter -->
<testsuite skipped="1" hostname="jagadeesh-HP-EliteBook-840-G2" name="tests.Fynd_Employees_APIs" tests="5" failures="0" timestamp="24 Sep 2019 01:47:01 GMT" time="18.870" errors="0">
  <testcase name="get_all_employees" time="3.127" classname="tests.Fynd_Employees_APIs"/>
  <testcase name="get_employee" time="6.346" classname="tests.Fynd_Employees_APIs"/>
  <testcase name="create_employee" time="4.722" classname="tests.Fynd_Employees_APIs"/>
  <testcase name="update_employee" time="4.675" classname="tests.Fynd_Employees_APIs"/>
  <testcase name="delete_employee" classname="tests.Fynd_Employees_APIs">
    <skipped/>
  </testcase> <!-- delete_employee -->
</testsuite> <!-- tests.Fynd_Employees_APIs -->
