<?xml version="1.0" encoding="UTF-8"?>
<!-- Generated by org.testng.reporters.JUnitReportReporter -->
<testsuite skipped="2" hostname="jagadeesh-HP-EliteBook-840-G2" name="tests.Fynd_Employees_APIs" tests="4" failures="0" timestamp="22 Sep 2019 15:06:37 GMT" time="4.229" errors="0">
  <testcase name="get_all_employees" time="2.379" classname="tests.Fynd_Employees_APIs"/>
  <testcase name="update_employee" time="1.850" classname="tests.Fynd_Employees_APIs"/>
  <testcase name="create_employee" classname="tests.Fynd_Employees_APIs">
    <skipped/>
  </testcase> <!-- create_employee -->
  <testcase name="get_employee" classname="tests.Fynd_Employees_APIs">
    <skipped/>
  </testcase> <!-- get_employee -->
</testsuite> <!-- tests.Fynd_Employees_APIs -->
