<?xml version="1.0" encoding="UTF-8"?>
<!-- Generated by org.testng.reporters.JUnitReportReporter -->
<testsuite skipped="1" hostname="jagadeesh-HP-EliteBook-840-G2" name="tests.Fynd_Employees_APIs" tests="5" failures="0" timestamp="23 Sep 2019 17:14:24 GMT" time="15.765" errors="0">
  <testcase name="get_all_employees" time="2.340" classname="tests.Fynd_Employees_APIs"/>
  <testcase name="get_employee" time="6.638" classname="tests.Fynd_Employees_APIs"/>
  <testcase name="create_employee" time="5.256" classname="tests.Fynd_Employees_APIs"/>
  <testcase name="delete_employee" time="1.531" classname="tests.Fynd_Employees_APIs"/>
  <testcase name="update_employee" classname="tests.Fynd_Employees_APIs">
    <skipped/>
  </testcase> <!-- update_employee -->
</testsuite> <!-- tests.Fynd_Employees_APIs -->
